<?xml version="1.0" encoding="UTF-8"?>
<testng-results skipped="0" failed="0" ignored="0" total="1" passed="1">
  <reporter-output>
  </reporter-output>
  <suite name="Default suite" duration-ms="462" started-at="2018-04-04T19:30:36Z" finished-at="2018-04-04T19:30:36Z">
    <groups>
    </groups>
    <test name="Default test" duration-ms="462" started-at="2018-04-04T19:30:36Z" finished-at="2018-04-04T19:30:36Z">
      <class name="base.TestBase">
        <test-method status="PASS" signature="setUp()[pri:0, instance:base.TestBase@50d0686]" name="setUp" is-config="true" duration-ms="24330" started-at="2018-04-04T19:30:12Z" finished-at="2018-04-04T19:30:36Z">
          <reporter-output>
          </reporter-output>
        </test-method> <!-- setUp -->
        <test-method status="PASS" signature="test()[pri:0, instance:base.TestBase@50d0686]" name="test" duration-ms="47" started-at="2018-04-04T19:30:36Z" finished-at="2018-04-04T19:30:36Z">
          <reporter-output>
          </reporter-output>
        </test-method> <!-- test -->
        <test-method status="PASS" signature="tearDown()[pri:0, instance:base.TestBase@50d0686]" name="tearDown" is-config="true" duration-ms="1180" started-at="2018-04-04T19:30:37Z" finished-at="2018-04-04T19:30:38Z">
          <reporter-output>
          </reporter-output>
        </test-method> <!-- tearDown -->
      </class> <!-- base.TestBase -->
    </test> <!-- Default test -->
  </suite> <!-- Default suite -->
</testng-results>
