<?xml version="1.0" encoding="UTF-8"?>
<testng-results skipped="0" failed="0" ignored="0" total="1" passed="1">
  <reporter-output>
  </reporter-output>
  <suite name="Default suite" duration-ms="32" started-at="2018-04-04T11:05:07Z" finished-at="2018-04-04T11:05:07Z">
    <groups>
    </groups>
    <test name="Default test" duration-ms="32" started-at="2018-04-04T11:05:07Z" finished-at="2018-04-04T11:05:07Z">
      <class name="base.TestBase">
        <test-method status="PASS" signature="setUp()[pri:0, instance:base.TestBase@262b2c86]" name="setUp" is-config="true" duration-ms="23915" started-at="2018-04-04T11:04:43Z" finished-at="2018-04-04T11:05:07Z">
          <reporter-output>
          </reporter-output>
        </test-method> <!-- setUp -->
        <test-method status="PASS" signature="test()[pri:0, instance:base.TestBase@262b2c86]" name="test" duration-ms="6" started-at="2018-04-04T11:05:07Z" finished-at="2018-04-04T11:05:07Z">
          <reporter-output>
          </reporter-output>
        </test-method> <!-- test -->
        <test-method status="PASS" signature="tearDown()[pri:0, instance:base.TestBase@262b2c86]" name="tearDown" is-config="true" duration-ms="1042" started-at="2018-04-04T11:05:08Z" finished-at="2018-04-04T11:05:09Z">
          <reporter-output>
          </reporter-output>
        </test-method> <!-- tearDown -->
      </class> <!-- base.TestBase -->
    </test> <!-- Default test -->
  </suite> <!-- Default suite -->
</testng-results>
